<?xml version="1.0" encoding="utf-8"?><testsuites name="pytest tests"><testsuite name="pytest" errors="0" failures="2" skipped="0" tests="14" time="2.380" timestamp="2026-03-01T00:38:41.744287+00:00" hostname="agent-env-5097fccb-efa7-4b50-9d3f-015f568d5c6f"><testcase classname="tests.test_steam_library_api.TestHealthEndpoint" name="test_health_returns_ok" time="0.288" /><testcase classname="tests.test_steam_library_api.TestDiscoverEndpoints" name="test_discover_collections_returns_array" time="0.129" /><testcase classname="tests.test_steam_library_api.TestDiscoverEndpoints" name="test_discover_users_returns_array" time="0.164"><failure message="AssertionError: User should have roles field&#10;assert 'roles' in {'avatar_url': 'https://avatars.steamstatic.com/aff00bc9371a63bc2014d95cfb0639689ad0e7bc_full.jpg', 'bio': '', 'created_at': '2026-02-09T22:23:39.376503+00:00', 'custom_avatar': '', ...}">tests/test_steam_library_api.py:70: in test_discover_users_returns_array
    assert "roles" in user, "User should have roles field"
E   AssertionError: User should have roles field
E   assert 'roles' in {'avatar_url': 'https://avatars.steamstatic.com/aff00bc9371a63bc2014d95cfb0639689ad0e7bc_full.jpg', 'bio': '', 'created_at': '2026-02-09T22:23:39.376503+00:00', 'custom_avatar': '', ...}</failure></testcase><testcase classname="tests.test_steam_library_api.TestDiscoverEndpoints" name="test_discover_collections_pagination" time="0.145" /><testcase classname="tests.test_steam_library_api.TestFollowersEndpoint" name="test_followers_returns_followers_and_following" time="0.220" /><testcase classname="tests.test_steam_library_api.TestFollowersEndpoint" name="test_followers_nonexistent_user_returns_404" time="0.129" /><testcase classname="tests.test_steam_library_api.TestGamesEndpointSorting" name="test_games_requires_auth" time="0.120" /><testcase classname="tests.test_steam_library_api.TestGamesEndpointSorting" name="test_games_with_sort_returns_200_when_authenticated" time="0.109" /><testcase classname="tests.test_steam_library_api.TestUserSearchEndpoint" name="test_user_search_returns_users_with_roles" time="0.135" /><testcase classname="tests.test_steam_library_api.TestUserSearchEndpoint" name="test_user_search_empty_query_fails" time="0.124" /><testcase classname="tests.test_steam_library_api.TestUserSearchEndpoint" name="test_user_search_with_real_users" time="0.114"><failure message="AssertionError: User f2375f1f-23cb-449b-ada1-d6e3614f3261 should have roles field&#10;assert 'roles' in {'avatar_url': 'https://avatars.steamstatic.com/aff00bc9371a63bc2014d95cfb0639689ad0e7bc_full.jpg', 'custom_avatar': '', 'display_name': 'Phaeton W12', 'follower_count': 1, ...}">tests/test_steam_library_api.py:179: in test_user_search_with_real_users
    assert "roles" in user, f"User {user.get('id')} should have roles field"
E   AssertionError: User f2375f1f-23cb-449b-ada1-d6e3614f3261 should have roles field
E   assert 'roles' in {'avatar_url': 'https://avatars.steamstatic.com/aff00bc9371a63bc2014d95cfb0639689ad0e7bc_full.jpg', 'custom_avatar': '', 'display_name': 'Phaeton W12', 'follower_count': 1, ...}</failure></testcase><testcase classname="tests.test_steam_library_api.TestProfileEndpoint" name="test_profile_returns_follower_count" time="0.215" /><testcase classname="tests.test_steam_library_api.TestCategoriesEndpoint" name="test_categories_returns_list" time="0.115" /><testcase classname="tests.test_steam_library_api.TestSharedCollectionEndpoint" name="test_shared_collection_returns_owner_with_roles" time="0.225" /></testsuite></testsuites>