<?xml version="1.0" encoding="utf-8"?><testsuites name="pytest tests"><testsuite name="pytest" errors="0" failures="0" skipped="0" tests="18" time="6.185" timestamp="2026-03-09T21:13:33.926395+00:00" hostname="agent-env-5097fccb-efa7-4b50-9d3f-015f568d5c6f"><testcase classname="backend.tests.test_iteration6_features.TestRulesEndpoint" name="test_get_rules_returns_10_rules" time="0.228" /><testcase classname="backend.tests.test_iteration6_features.TestDiscoverTrending" name="test_discover_trending_returns_array" time="1.745" /><testcase classname="backend.tests.test_iteration6_features.TestDiscoverTrending" name="test_trending_game_structure" time="2.071" /><testcase classname="backend.tests.test_iteration6_features.TestModerationLog" name="test_modlog_requires_auth" time="0.110" /><testcase classname="backend.tests.test_iteration6_features.TestModerationLog" name="test_modlog_requires_staff_with_invalid_token" time="0.167" /><testcase classname="backend.tests.test_iteration6_features.TestAppealsEndpoint" name="test_appeals_create_requires_auth" time="0.158" /><testcase classname="backend.tests.test_iteration6_features.TestAppealsEndpoint" name="test_appeals_my_requires_auth" time="0.167" /><testcase classname="backend.tests.test_iteration6_features.TestAppealsEndpoint" name="test_appeals_all_requires_staff" time="0.112" /><testcase classname="backend.tests.test_iteration6_features.TestAppealsEndpoint" name="test_appeals_review_requires_staff" time="0.128" /><testcase classname="backend.tests.test_iteration6_features.TestCollectionPicture" name="test_collection_picture_requires_auth" time="0.123" /><testcase classname="backend.tests.test_iteration6_features.TestCollectionPicture" name="test_collection_picture_validates_file_type" time="0.152" /><testcase classname="backend.tests.test_iteration6_features.TestProfileSteamIdFallback" name="test_profile_by_nonexistent_user" time="0.131" /><testcase classname="backend.tests.test_iteration6_features.TestProfileSteamIdFallback" name="test_profile_endpoint_exists" time="0.106" /><testcase classname="backend.tests.test_iteration6_features.TestGamesFromUrl" name="test_games_from_url_requires_auth" time="0.126" /><testcase classname="backend.tests.test_iteration6_features.TestExistingEndpoints" name="test_health_endpoint" time="0.132" /><testcase classname="backend.tests.test_iteration6_features.TestExistingEndpoints" name="test_categories_endpoint" time="0.136" /><testcase classname="backend.tests.test_iteration6_features.TestExistingEndpoints" name="test_discover_collections_public" time="0.132" /><testcase classname="backend.tests.test_iteration6_features.TestExistingEndpoints" name="test_discover_users_public" time="0.118" /></testsuite></testsuites>