<?xml version="1.0" encoding="utf-8"?><testsuites name="pytest tests"><testsuite name="pytest" errors="0" failures="0" skipped="0" tests="23" time="3.004" timestamp="2026-03-09T20:21:10.719336+00:00" hostname="agent-env-5097fccb-efa7-4b50-9d3f-015f568d5c6f"><testcase classname="backend.tests.test_iteration5_ban_roles.TestHealthAndBasics" name="test_health_endpoint" time="0.231" /><testcase classname="backend.tests.test_iteration5_ban_roles.TestHealthAndBasics" name="test_categories_endpoint" time="0.126" /><testcase classname="backend.tests.test_iteration5_ban_roles.TestBanSystemAuthentication" name="test_ban_requires_authentication" time="0.126" /><testcase classname="backend.tests.test_iteration5_ban_roles.TestBanSystemAuthentication" name="test_unban_requires_authentication" time="0.112" /><testcase classname="backend.tests.test_iteration5_ban_roles.TestRoleManagementAuthentication" name="test_roles_assign_requires_auth" time="0.145" /><testcase classname="backend.tests.test_iteration5_ban_roles.TestRoleManagementAuthentication" name="test_roles_remove_requires_auth" time="0.131" /><testcase classname="backend.tests.test_iteration5_ban_roles.TestRoleManagementAuthentication" name="test_roles_users_requires_auth" time="0.145" /><testcase classname="backend.tests.test_iteration5_ban_roles.TestSupportTicketAuthentication" name="test_support_create_requires_auth" time="0.106" /><testcase classname="backend.tests.test_iteration5_ban_roles.TestSupportTicketAuthentication" name="test_support_my_requires_auth" time="0.109" /><testcase classname="backend.tests.test_iteration5_ban_roles.TestSupportTicketAuthentication" name="test_support_all_requires_moderator" time="0.134" /><testcase classname="backend.tests.test_iteration5_ban_roles.TestSupportTicketAuthentication" name="test_support_reply_requires_moderator" time="0.122" /><testcase classname="backend.tests.test_iteration5_ban_roles.TestSupportTicketAuthentication" name="test_support_user_reply_requires_auth" time="0.134" /><testcase classname="backend.tests.test_iteration5_ban_roles.TestSupportTicketAuthentication" name="test_support_close_requires_moderator" time="0.111" /><testcase classname="backend.tests.test_iteration5_ban_roles.TestCommentsAuthentication" name="test_comments_post_requires_auth" time="0.100" /><testcase classname="backend.tests.test_iteration5_ban_roles.TestCommentsAuthentication" name="test_comments_get_public" time="0.118" /><testcase classname="backend.tests.test_iteration5_ban_roles.TestDiscoverUsersExcludesBanned" name="test_discover_users_has_users" time="0.128" /><testcase classname="backend.tests.test_iteration5_ban_roles.TestUserSearchExcludesBanned" name="test_user_search_works" time="0.106" /><testcase classname="backend.tests.test_iteration5_ban_roles.TestUserSearchExcludesBanned" name="test_user_search_requires_query" time="0.130" /><testcase classname="backend.tests.test_iteration5_ban_roles.TestProfileEndpoint" name="test_nonexistent_profile_returns_404" time="0.114" /><testcase classname="backend.tests.test_iteration5_ban_roles.TestNotifications" name="test_notifications_requires_auth" time="0.111" /><testcase classname="backend.tests.test_iteration5_ban_roles.TestNotifications" name="test_notifications_unread_requires_auth" time="0.120" /><testcase classname="backend.tests.test_iteration5_ban_roles.TestNotifications" name="test_notifications_mark_read_requires_auth" time="0.108" /><testcase classname="backend.tests.test_iteration5_ban_roles.TestDiscoverCollections" name="test_discover_collections_public" time="0.113" /></testsuite></testsuites>