<?xml version="1.0" encoding="utf-8"?><testsuites name="pytest tests"><testsuite name="pytest" errors="0" failures="0" skipped="0" tests="14" time="2.192" timestamp="2026-03-01T00:39:24.556093+00:00" hostname="agent-env-5097fccb-efa7-4b50-9d3f-015f568d5c6f"><testcase classname="tests.test_steam_library_api.TestHealthEndpoint" name="test_health_returns_ok" time="0.130" /><testcase classname="tests.test_steam_library_api.TestDiscoverEndpoints" name="test_discover_collections_returns_array" time="0.199" /><testcase classname="tests.test_steam_library_api.TestDiscoverEndpoints" name="test_discover_users_returns_array" time="0.123" /><testcase classname="tests.test_steam_library_api.TestDiscoverEndpoints" name="test_discover_collections_pagination" time="0.120" /><testcase classname="tests.test_steam_library_api.TestFollowersEndpoint" name="test_followers_returns_followers_and_following" time="0.248" /><testcase classname="tests.test_steam_library_api.TestFollowersEndpoint" name="test_followers_nonexistent_user_returns_404" time="0.167" /><testcase classname="tests.test_steam_library_api.TestGamesEndpointSorting" name="test_games_requires_auth" time="0.144" /><testcase classname="tests.test_steam_library_api.TestGamesEndpointSorting" name="test_games_with_sort_returns_200_when_authenticated" time="0.109" /><testcase classname="tests.test_steam_library_api.TestUserSearchEndpoint" name="test_user_search_returns_users_with_roles" time="0.114" /><testcase classname="tests.test_steam_library_api.TestUserSearchEndpoint" name="test_user_search_empty_query_fails" time="0.108" /><testcase classname="tests.test_steam_library_api.TestUserSearchEndpoint" name="test_user_search_with_real_users" time="0.115" /><testcase classname="tests.test_steam_library_api.TestProfileEndpoint" name="test_profile_returns_follower_count" time="0.233" /><testcase classname="tests.test_steam_library_api.TestCategoriesEndpoint" name="test_categories_returns_list" time="0.109" /><testcase classname="tests.test_steam_library_api.TestSharedCollectionEndpoint" name="test_shared_collection_returns_owner_with_roles" time="0.215" /></testsuite></testsuites>