<?xml version="1.0" encoding="utf-8"?><testsuites name="pytest tests"><testsuite name="pytest" errors="0" failures="0" skipped="0" tests="18" time="2.504" timestamp="2026-03-01T02:08:47.873846+00:00" hostname="agent-env-5097fccb-efa7-4b50-9d3f-015f568d5c6f"><testcase classname="backend.tests.test_iteration4_features.TestSupportTicketsPublicEndpoints" name="test_create_ticket_requires_auth" time="0.154" /><testcase classname="backend.tests.test_iteration4_features.TestSupportTicketsPublicEndpoints" name="test_get_my_tickets_requires_auth" time="0.125" /><testcase classname="backend.tests.test_iteration4_features.TestSupportTicketsPublicEndpoints" name="test_get_all_tickets_requires_auth" time="0.119" /><testcase classname="backend.tests.test_iteration4_features.TestSupportTicketsPublicEndpoints" name="test_reply_to_ticket_requires_auth" time="0.161" /><testcase classname="backend.tests.test_iteration4_features.TestSupportTicketsPublicEndpoints" name="test_close_ticket_requires_auth" time="0.118" /><testcase classname="backend.tests.test_iteration4_features.TestNotificationsEndpoints" name="test_get_notifications_requires_auth" time="0.140" /><testcase classname="backend.tests.test_iteration4_features.TestNotificationsEndpoints" name="test_get_unread_count_requires_auth" time="0.132" /><testcase classname="backend.tests.test_iteration4_features.TestNotificationsEndpoints" name="test_mark_read_requires_auth" time="0.099" /><testcase classname="backend.tests.test_iteration4_features.TestRemoveGameFromCollection" name="test_remove_game_requires_auth" time="0.108" /><testcase classname="backend.tests.test_iteration4_features.TestDiscoverUsersSorting" name="test_discover_users_returns_sorted_by_roles" time="0.130" /><testcase classname="backend.tests.test_iteration4_features.TestDiscoverUsersSorting" name="test_discover_users_have_roles_field" time="0.129" /><testcase classname="backend.tests.test_iteration4_features.TestExistingEndpointsStillWork" name="test_health_endpoint" time="0.112" /><testcase classname="backend.tests.test_iteration4_features.TestExistingEndpointsStillWork" name="test_categories_endpoint" time="0.121" /><testcase classname="backend.tests.test_iteration4_features.TestExistingEndpointsStillWork" name="test_discover_collections_endpoint" time="0.143" /><testcase classname="backend.tests.test_iteration4_features.TestExistingEndpointsStillWork" name="test_shared_collection_endpoint" time="0.266" /><testcase classname="backend.tests.test_iteration4_features.TestExistingEndpointsStillWork" name="test_profile_endpoint" time="0.257" /><testcase classname="backend.tests.test_iteration4_features.TestEndpointValidation" name="test_create_ticket_validation_empty_subject" time="0.119" /><testcase classname="backend.tests.test_iteration4_features.TestEndpointValidation" name="test_ticket_categories_supported" time="0.000" /></testsuite></testsuites>